
> vibe-generated-app@1.0.0 dev
> vite


  VITE v5.4.20  ready in 317 ms

  ➜  Local:   http://localhost:3000/
  ➜  Network: http://172.20.10.48:3000/
7:58:11 AM [vite] Pre-transform error: Transform failed with 1 error:
/home/workspace/src/components/Hero.jsx:88:38: ERROR: Expected "{" but found "\\"
7:58:14 AM [vite] Internal server error: Transform failed with 1 error:
/home/workspace/src/components/Hero.jsx:88:38: ERROR: Expected "{" but found "\\"
  Plugin: vite:esbuild
  File: /home/workspace/src/components/Hero.jsx:88:38
  
  Expected "{" but found "\\"
  86 |          <div className="mx-auto grid max-w-5xl grid-cols-2 gap-3 md:grid-cols-4">
  87 |            {[
  88 |              { icon: <Shield className=\"h-4 w-4\" />, label: 'Zero-Trust' },
     |                                        ^
  89 |              { icon: <Server className=\"h-4 w-4\" />, label: 'Automation' },
  90 |              { icon: <Network className=\"h-4 w-4\" />, label: 'High Availability' },
  
      at failureErrorWithLog (/home/workspace/node_modules/esbuild/lib/main.js:1472:15)
      at /home/workspace/node_modules/esbuild/lib/main.js:755:50
      at responseCallbacks.<computed> (/home/workspace/node_modules/esbuild/lib/main.js:622:9)
      at handleIncomingPacket (/home/workspace/node_modules/esbuild/lib/main.js:677:12)
      at Socket.readFromStdout (/home/workspace/node_modules/esbuild/lib/main.js:600:7)
      at Socket.emit (node:events:508:28)
      at addChunk (node:internal/streams/readable:559:12)
      at readableAddChunkPushByteMode (node:internal/streams/readable:510:3)
      at Readable.push (node:internal/streams/readable:390:5)
      at Pipe.onStreamRead (node:internal/stream_base_commons:189:23)
7:58:29 AM [vite] Internal server error: Transform failed with 1 error:
/home/workspace/src/components/Hero.jsx:88:38: ERROR: Expected "{" but found "\\"
  Plugin: vite:esbuild
  File: /home/workspace/src/components/Hero.jsx:88:38
  
  Expected "{" but found "\\"
  86 |          <div className="mx-auto grid max-w-5xl grid-cols-2 gap-3 md:grid-cols-4">
  87 |            {[
  88 |              { icon: <Shield className=\"h-4 w-4\" />, label: 'Zero-Trust' },
     |                                        ^
  89 |              { icon: <Server className=\"h-4 w-4\" />, label: 'Automation' },
  90 |              { icon: <Network className=\"h-4 w-4\" />, label: 'High Availability' },
  
      at failureErrorWithLog (/home/workspace/node_modules/esbuild/lib/main.js:1472:15)
      at /home/workspace/node_modules/esbuild/lib/main.js:755:50
      at responseCallbacks.<computed> (/home/workspace/node_modules/esbuild/lib/main.js:622:9)
      at handleIncomingPacket (/home/workspace/node_modules/esbuild/lib/main.js:677:12)
      at Socket.readFromStdout (/home/workspace/node_modules/esbuild/lib/main.js:600:7)
      at Socket.emit (node:events:508:28)
      at addChunk (node:internal/streams/readable:559:12)
      at readableAddChunkPushByteMode (node:internal/streams/readable:510:3)
      at Readable.push (node:internal/streams/readable:390:5)
      at Pipe.onStreamRead (node:internal/stream_base_commons:189:23)
